<?xml version="1.0" encoding="UTF-8"?>
<testsuite xmlns:xsi="http://www.w3.org/2001/XMLSchema-instance" xsi:noNamespaceSchemaLocation="https://maven.apache.org/surefire/maven-surefire-plugin/xsd/surefire-test-report.xsd" name="com.baseframework.Runner.chrome_EDFHomePageNew" time="28.855" tests="4" errors="0" skipped="0" failures="0">
  <properties>
[...]
</properties>
  <testcase name="Given I navigate to the edfstage url in &quot;chrome&quot;" classname="| chrome |" time="0.002"/>
  <testcase name="When the page has the title as &quot;Enterprise Delivery Framework&quot;" classname="| chrome |" time="0"/>
  <testcase name="Then confirm that user has reached EDF&apos;s landing page" classname="| chrome |" time="0"/>
  <testcase name="| chrome |" classname="| chrome |" time="0"/>
</testsuite>